#
# A fatal error has been detected by the Java Runtime Environment:
#
#  EXCEPTION_ACCESS_VIOLATION (0xc0000005) at pc=0x00000000698bd4dd, pid=17384, tid=0x0000000000002fa8
#
# JRE version: Java(TM) SE Runtime Environment (8.0_131-b11) (build 1.8.0_131-b11)
# Java VM: Java HotSpot(TM) 64-Bit Server VM (25.131-b11 mixed mode windows-amd64 compressed oops)
# Problematic frame:
# V  [jvm.dll+0x14d4dd]
#
# Failed to write core dump. Minidumps are not enabled by default on client versions of Windows
#
# If you would like to submit a bug report, please visit:
#   http://bugreport.java.com/bugreport/crash.jsp
#

---------------  T H R E A D  ---------------

Current thread (0x0000000002962800):  JavaThread "main" [_thread_in_vm, id=12200, stack(0x0000000002420000,0x0000000002520000)]

siginfo: ExceptionCode=0xc0000005, reading address 0x0000000000000000

Registers:
RAX=0x0000000000000000, RBX=0x0000000002962800, RCX=0x0000000002962800, RDX=0x00000000d5ed7a60
RSP=0x000000000251f710, RBP=0x000000000251f808, RSI=0x0000000000000000, RDI=0x00000000029629f8
R8 =0x0000000000000000, R9 =0x000000000251f808, R10=0x0000000000000000, R11=0x0000000000000200
R12=0x000000000251f880, R13=0x00000000174008e8, R14=0x000000000251f880, R15=0x0000000002962800
RIP=0x00000000698bd4dd, EFLAGS=0x0000000000010246

Top of Stack: (sp=0x000000000251f710)
0x000000000251f710:   00007ff9dbe33250 00000000029b3d50
0x000000000251f720:   00007ff9dbe33250 000000000251f790
0x000000000251f730:   0000000000009b68 0000000002962800
0x000000000251f740:   00000000174008e8 0000000000000000
0x000000000251f750:   00007ff9dbe3324c 00000000698ced5f
0x000000000251f760:   0000000002962800 0000000002962c70
0x000000000251f770:   000000000000064d 0000000069d75dc0
0x000000000251f780:   0000000002962800 000000006989d1d4
0x000000000251f790:   0000000002962800 0000000000000000
0x000000000251f7a0:   00000000174008e8 0000000002962800
0x000000000251f7b0:   0000000000000000 00007ff9dbe3101c
0x000000000251f7c0:   00000000174008e8 000000000251f860
0x000000000251f7d0:   0000000000000002 0000000002a6835d
0x000000000251f7e0:   0000000002a6835d 0000000002a77f74
0x000000000251f7f0:   00000000174008e8 00000000174008e8
0x000000000251f800:   0000000000000000 0000000000000014 

Instructions: (pc=0x00000000698bd4dd)
0x00000000698bd4bd:   00 48 83 7b 08 00 48 89 5c 24 50 48 c7 44 24 58
0x00000000698bd4cd:   00 00 00 00 74 0a 48 8d 4c 24 50 e8 53 ea 12 00
0x00000000698bd4dd:   48 8b 06 c7 44 24 40 0a 00 00 00 48 8d 4c 24 70
0x00000000698bd4ed:   48 8b 50 08 0f b7 42 24 48 8b 52 08 48 8b 54 c2 


Register to memory mapping:

RAX=0x0000000000000000 is an unknown value
RBX=0x0000000002962800 is a thread
RCX=0x0000000002962800 is a thread
RDX=0x00000000d5ed7a60 is an oop
java.lang.NoSuchMethodError 
 - klass: 'java/lang/NoSuchMethodError'
RSP=0x000000000251f710 is pointing into the stack for thread: 0x0000000002962800
RBP=0x000000000251f808 is pointing into the stack for thread: 0x0000000002962800
RSI=0x0000000000000000 is an unknown value
RDI=0x00000000029629f8 is an unknown value
R8 =0x0000000000000000 is an unknown value
R9 =0x000000000251f808 is pointing into the stack for thread: 0x0000000002962800
R10=0x0000000000000000 is an unknown value
R11=0x0000000000000200 is an unknown value
R12=0x000000000251f880 is pointing into the stack for thread: 0x0000000002962800
R13={method} {0x00000000174008f0} 'accessMethod' '()I' in 'com/jni/test/HelloWorld'
R14=0x000000000251f880 is pointing into the stack for thread: 0x0000000002962800
R15=0x0000000002962800 is a thread


Stack: [0x0000000002420000,0x0000000002520000],  sp=0x000000000251f710,  free space=1021k
Native frames: (J=compiled Java code, j=interpreted, Vv=VM code, C=native code)
V  [jvm.dll+0x14d4dd]
C  [JniTest.dll+0x101c]  JNIEnv_::CallIntMethod+0x1c
C  0x0000000002a77f74

Java frames: (J=compiled Java code, j=interpreted, Vv=VM code)
j  com.jni.test.HelloWorld.accessMethod()I+0
j  com.jni.test.HelloWorld.main([Ljava/lang/String;)V+221
v  ~StubRoutines::call_stub

---------------  P R O C E S S  ---------------

Java Threads: ( => current thread )
  0x00000000199c9000 JavaThread "Service Thread" daemon [_thread_blocked, id=11496, stack(0x000000001a3b0000,0x000000001a4b0000)]
  0x000000001994a000 JavaThread "C1 CompilerThread3" daemon [_thread_blocked, id=22488, stack(0x000000001a2b0000,0x000000001a3b0000)]
  0x0000000019946000 JavaThread "C2 CompilerThread2" daemon [_thread_blocked, id=23164, stack(0x000000001a1b0000,0x000000001a2b0000)]
  0x0000000019942000 JavaThread "C2 CompilerThread1" daemon [_thread_blocked, id=21552, stack(0x000000001a0b0000,0x000000001a1b0000)]
  0x0000000019938000 JavaThread "C2 CompilerThread0" daemon [_thread_blocked, id=22196, stack(0x0000000019fb0000,0x000000001a0b0000)]
  0x0000000019935800 JavaThread "Attach Listener" daemon [_thread_blocked, id=22808, stack(0x0000000019eb0000,0x0000000019fb0000)]
  0x0000000002a5d800 JavaThread "Signal Dispatcher" daemon [_thread_blocked, id=16792, stack(0x0000000019db0000,0x0000000019eb0000)]
  0x00000000198d0800 JavaThread "Finalizer" daemon [_thread_blocked, id=24464, stack(0x0000000019cb0000,0x0000000019db0000)]
  0x0000000002a57000 JavaThread "Reference Handler" daemon [_thread_blocked, id=13412, stack(0x00000000197b0000,0x00000000198b0000)]
=>0x0000000002962800 JavaThread "main" [_thread_in_vm, id=12200, stack(0x0000000002420000,0x0000000002520000)]

Other Threads:
  0x00000000179e9800 VMThread [stack: 0x00000000196b0000,0x00000000197b0000] [id=2856]
  0x0000000019a73800 WatcherThread [stack: 0x000000001a4b0000,0x000000001a5b0000] [id=9912]

VM state:not at safepoint (normal execution)

VM Mutex/Monitor currently owned by a thread: None

Heap:
 PSYoungGen      total 38400K, used 1996K [0x00000000d5e00000, 0x00000000d8880000, 0x0000000100000000)
  eden space 33280K, 6% used [0x00000000d5e00000,0x00000000d5ff33b0,0x00000000d7e80000)
  from space 5120K, 0% used [0x00000000d8380000,0x00000000d8380000,0x00000000d8880000)
  to   space 5120K, 0% used [0x00000000d7e80000,0x00000000d7e80000,0x00000000d8380000)
 ParOldGen       total 87552K, used 0K [0x0000000081a00000, 0x0000000086f80000, 0x00000000d5e00000)
  object space 87552K, 0% used [0x0000000081a00000,0x0000000081a00000,0x0000000086f80000)
 Metaspace       used 2718K, capacity 4486K, committed 4864K, reserved 1056768K
  class space    used 301K, capacity 386K, committed 512K, reserved 1048576K

Card table byte_map: [0x0000000011e20000,0x0000000012220000] byte_map_base: 0x0000000011a13000

Marking Bits: (ParMarkBitMap*) 0x0000000069f8c720
 Begin Bits: [0x0000000012cd0000, 0x0000000014c68000)
 End Bits:   [0x0000000014c68000, 0x0000000016c00000)

Polling page: 0x0000000000620000

CodeCache: size=245760Kb used=1139Kb max_used=1139Kb free=244620Kb
 bounds [0x0000000002a60000, 0x0000000002cd0000, 0x0000000011a60000]
 total_blobs=277 nmethods=42 adapters=148
 compilation: enabled

Compilation events (10 events):
Event: 0.141 Thread 0x000000001994a000   38       1       java.net.URL::getProtocol (5 bytes)
Event: 0.141 Thread 0x000000001994a000 nmethod 38 0x0000000002b7a8d0 code [0x0000000002b7aa20, 0x0000000002b7ab30]
Event: 0.141 Thread 0x000000001994a000   39       3       java.lang.String::substring (79 bytes)
Event: 0.142 Thread 0x000000001994a000 nmethod 39 0x0000000002b7ab90 code [0x0000000002b7ad40, 0x0000000002b7b1d8]
Event: 0.142 Thread 0x000000001994a000   40       3       java.lang.String::startsWith (72 bytes)
Event: 0.142 Thread 0x000000001994a000 nmethod 40 0x0000000002b7b410 code [0x0000000002b7b580, 0x0000000002b7b8b0]
Event: 0.145 Thread 0x000000001994a000   41       3       java.lang.StringBuilder::toString (17 bytes)
Event: 0.145 Thread 0x000000001994a000 nmethod 41 0x0000000002b7ba90 code [0x0000000002b7bc00, 0x0000000002b7be08]
Event: 0.146 Thread 0x000000001994a000   42       3       java.io.WinNTFileSystem::normalize (143 bytes)
Event: 0.146 Thread 0x000000001994a000 nmethod 42 0x0000000002b7bed0 code [0x0000000002b7c0c0, 0x0000000002b7c8e8]

GC Heap History (0 events):
No events

Deoptimization events (0 events):
No events

Internal exceptions (3 events):
Event: 0.038 Thread 0x0000000002962800 Exception <a 'java/lang/NoSuchMethodError': Method sun.misc.Unsafe.defineClass(Ljava/lang/String;[BII)Ljava/lang/Class; name or signature does not match> (0x00000000d5e07ca8) thrown at [C:\re\workspace\8-2-build-windows-amd64-cygwin\jdk8u131\8869\hotspot\
Event: 0.038 Thread 0x0000000002962800 Exception <a 'java/lang/NoSuchMethodError': Method sun.misc.Unsafe.prefetchRead(Ljava/lang/Object;J)V name or signature does not match> (0x00000000d5e07f90) thrown at [C:\re\workspace\8-2-build-windows-amd64-cygwin\jdk8u131\8869\hotspot\src\share\vm\prims
Event: 0.149 Thread 0x0000000002962800 Exception <a 'java/lang/NoSuchMethodError': generateRandom> (0x00000000d5ed7a60) thrown at [C:\re\workspace\8-2-build-windows-amd64-cygwin\jdk8u131\8869\hotspot\src\share\vm\prims\jni.cpp, line 1613]

Events (10 events):
Event: 0.144 loading class java/security/UnresolvedPermission
Event: 0.145 loading class java/security/UnresolvedPermission done
Event: 0.145 loading class java/security/BasicPermissionCollection
Event: 0.145 loading class java/security/BasicPermissionCollection done
Event: 0.145 loading class sun/launcher/LauncherHelper$FXHelper
Event: 0.145 loading class sun/launcher/LauncherHelper$FXHelper done
Event: 0.145 loading class java/lang/Class$MethodArray
Event: 0.145 loading class java/lang/Class$MethodArray done
Event: 0.145 loading class java/lang/Void
Event: 0.146 loading class java/lang/Void done


Dynamic libraries:
0x00007ff616120000 - 0x00007ff616157000 	C:\Program Files\Java\jre1.8.0_131\bin\javaw.exe
0x00007ff9e3400000 - 0x00007ff9e35e1000 	C:\WINDOWS\SYSTEM32\ntdll.dll
0x00007ff9e0b50000 - 0x00007ff9e0c02000 	C:\WINDOWS\System32\KERNEL32.DLL
0x00007ff9dfd90000 - 0x00007ff9e0003000 	C:\WINDOWS\System32\KERNELBASE.dll
0x00007ff9e0890000 - 0x00007ff9e0931000 	C:\WINDOWS\System32\ADVAPI32.dll
0x00007ff9e0a80000 - 0x00007ff9e0b1e000 	C:\WINDOWS\System32\msvcrt.dll
0x00007ff9e0940000 - 0x00007ff9e099b000 	C:\WINDOWS\System32\sechost.dll
0x00007ff9e0d00000 - 0x00007ff9e0e24000 	C:\WINDOWS\System32\RPCRT4.dll
0x00007ff9e1280000 - 0x00007ff9e1410000 	C:\WINDOWS\System32\USER32.dll
0x00007ff9e0160000 - 0x00007ff9e0180000 	C:\WINDOWS\System32\win32u.dll
0x00007ff9e0b20000 - 0x00007ff9e0b48000 	C:\WINDOWS\System32\GDI32.dll
0x00007ff9dfbf0000 - 0x00007ff9dfd82000 	C:\WINDOWS\System32\gdi32full.dll
0x00007ff9dfb50000 - 0x00007ff9dfbef000 	C:\WINDOWS\System32\msvcp_win.dll
0x00007ff9e0010000 - 0x00007ff9e010a000 	C:\WINDOWS\System32\ucrtbase.dll
0x00007ff9d61e0000 - 0x00007ff9d6449000 	C:\WINDOWS\WinSxS\amd64_microsoft.windows.common-controls_6595b64144ccf1df_6.0.17134.556_none_fb439e4b3064774e\COMCTL32.dll
0x00007ff9e1760000 - 0x00007ff9e1a82000 	C:\WINDOWS\System32\combase.dll
0x00007ff9dfa20000 - 0x00007ff9dfa9a000 	C:\WINDOWS\System32\bcryptPrimitives.dll
0x00007ff9e1ee0000 - 0x00007ff9e1f0d000 	C:\WINDOWS\System32\IMM32.DLL
0x000000006a2f0000 - 0x000000006a3c2000 	C:\Program Files\Java\jre1.8.0_131\bin\msvcr100.dll
0x0000000069770000 - 0x000000006a00c000 	C:\Program Files\Java\jre1.8.0_131\bin\server\jvm.dll
0x00007ff9e09a0000 - 0x00007ff9e09a8000 	C:\WINDOWS\System32\PSAPI.DLL
0x00007ff9d8f80000 - 0x00007ff9d8f89000 	C:\WINDOWS\SYSTEM32\WSOCK32.dll
0x00007ff9da0a0000 - 0x00007ff9da0aa000 	C:\WINDOWS\SYSTEM32\VERSION.dll
0x00007ff9db3c0000 - 0x00007ff9db3e3000 	C:\WINDOWS\SYSTEM32\WINMM.dll
0x00007ff9e3350000 - 0x00007ff9e33bc000 	C:\WINDOWS\System32\WS2_32.dll
0x00007ff9db260000 - 0x00007ff9db28a000 	C:\WINDOWS\SYSTEM32\winmmbase.dll
0x00007ff9e0110000 - 0x00007ff9e0159000 	C:\WINDOWS\System32\cfgmgr32.dll
0x0000000069760000 - 0x000000006976f000 	C:\Program Files\Java\jre1.8.0_131\bin\verify.dll
0x0000000069730000 - 0x0000000069759000 	C:\Program Files\Java\jre1.8.0_131\bin\java.dll
0x0000000069710000 - 0x0000000069726000 	C:\Program Files\Java\jre1.8.0_131\bin\zip.dll
0x00007ff9e1f10000 - 0x00007ff9e3350000 	C:\WINDOWS\System32\SHELL32.dll
0x00007ff9e1610000 - 0x00007ff9e16b9000 	C:\WINDOWS\System32\shcore.dll
0x00007ff9e0180000 - 0x00007ff9e088d000 	C:\WINDOWS\System32\windows.storage.dll
0x00007ff9e1a90000 - 0x00007ff9e1ae1000 	C:\WINDOWS\System32\shlwapi.dll
0x00007ff9df7b0000 - 0x00007ff9df7c1000 	C:\WINDOWS\System32\kernel.appcore.dll
0x00007ff9df740000 - 0x00007ff9df75f000 	C:\WINDOWS\System32\profapi.dll
0x00007ff9df760000 - 0x00007ff9df7ac000 	C:\WINDOWS\System32\powrprof.dll
0x00007ff9df730000 - 0x00007ff9df73a000 	C:\WINDOWS\System32\FLTLIB.DLL
0x00007ff9dbe30000 - 0x00007ff9dbe3a000 	E:\projects\Visual_Studio_2015\JniTest\x64\Release\JniTest.dll
0x00007ff9c52a0000 - 0x00007ff9c52b6000 	C:\WINDOWS\SYSTEM32\VCRUNTIME140.dll
0x00007ff9a3a30000 - 0x00007ff9a3ad7000 	C:\WINDOWS\SYSTEM32\MSVCP140.dll
0x00007ff9d6010000 - 0x00007ff9d61d9000 	C:\WINDOWS\SYSTEM32\dbghelp.dll

VM Arguments:
jvm_args: -Dfile.encoding=GBK 
java_command: com.jni.test.HelloWorld
java_class_path (initial): C:\Program Files\Java\jre1.8.0_131\lib\resources.jar;C:\Program Files\Java\jre1.8.0_131\lib\rt.jar;C:\Program Files\Java\jre1.8.0_131\lib\jsse.jar;C:\Program Files\Java\jre1.8.0_131\lib\jce.jar;C:\Program Files\Java\jre1.8.0_131\lib\charsets.jar;C:\Program Files\Java\jre1.8.0_131\lib\jfr.jar;C:\Program Files\Java\jre1.8.0_131\lib\ext\access-bridge-64.jar;C:\Program Files\Java\jre1.8.0_131\lib\ext\cldrdata.jar;C:\Program Files\Java\jre1.8.0_131\lib\ext\dnsns.jar;C:\Program Files\Java\jre1.8.0_131\lib\ext\jaccess.jar;C:\Program Files\Java\jre1.8.0_131\lib\ext\jfxrt.jar;C:\Program Files\Java\jre1.8.0_131\lib\ext\localedata.jar;C:\Program Files\Java\jre1.8.0_131\lib\ext\nashorn.jar;C:\Program Files\Java\jre1.8.0_131\lib\ext\sunec.jar;C:\Program Files\Java\jre1.8.0_131\lib\ext\sunjce_provider.jar;C:\Program Files\Java\jre1.8.0_131\lib\ext\sunmscapi.jar;C:\Program Files\Java\jre1.8.0_131\lib\ext\sunpkcs11.jar;C:\Program Files\Java\jre1.8.0_131\lib\ext\zipfs.jar;E:\projects\eclipse-workspace\JniTest\bin
Launcher Type: SUN_STANDARD

Environment Variables:
JAVA_HOME=C:\Program Files\Java\jdk1.8.0_131
CLASSPATH=E:\software_tool\apache-tomcat-8.0.48-windows-x64\apache-tomcat-8.0.48\bin
USERNAME=hanlonglin
OS=Windows_NT
PROCESSOR_IDENTIFIER=Intel64 Family 6 Model 158 Stepping 9, GenuineIntel



---------------  S Y S T E M  ---------------

OS: Windows 10.0 , 64 bit Build 17134 (10.0.17134.556)

CPU:total 8 (initial active 8) (4 cores per cpu, 2 threads per core) family 6 model 158 stepping 9, cmov, cx8, fxsr, mmx, sse, sse2, sse3, ssse3, sse4.1, sse4.2, popcnt, avx, avx2, aes, clmul, erms, 3dnowpref, lzcnt, ht, tsc, tscinvbit, bmi1, bmi2, adx

Memory: 4k page, physical 8278180k(1640600k free), swap 19380336k(2889868k free)

vm_info: Java HotSpot(TM) 64-Bit Server VM (25.131-b11) for windows-amd64 JRE (1.8.0_131-b11), built on Mar 15 2017 01:23:53 by "java_re" with MS VC++ 10.0 (VS2010)

time: Thu Feb 14 13:52:55 2019
elapsed time: 0 seconds (0d 0h 0m 0s)

